#
# There is insufficient memory for the Java Runtime Environment to continue.
# Native memory allocation (mmap) failed to map 251658240 bytes for G1 virtual space
# Possible reasons:
#   The system is out of physical RAM or swap space
#   The process is running with CompressedOops enabled, and the Java Heap may be blocking the growth of the native heap
# Possible solutions:
#   Reduce memory load on the system
#   Increase physical memory or swap space
#   Check if swap backing store is full
#   Decrease Java heap size (-Xmx/-Xms)
#   Decrease number of Java threads
#   Decrease Java thread stack sizes (-Xss)
#   Set larger code cache with -XX:ReservedCodeCacheSize=
#   JVM is running with Zero Based Compressed Oops mode in which the Java heap is
#     placed in the first 32GB address space. The Java Heap base address is the
#     maximum limit for the native heap growth. Please use -XX:HeapBaseMinAddress
#     to set the Java Heap base and to place the Java Heap above 32GB virtual address.
# This output file may be truncated or incomplete.
#
#  Out of Memory Error (./open/src/hotspot/os/windows/os_windows.cpp:3472), pid=21940, tid=1752
#
# JRE version:  (15.0+36) (build )
# Java VM: Java HotSpot(TM) 64-Bit Server VM (15+36-1562, mixed mode, sharing, tiered, compressed oops, g1 gc, windows-amd64)
# No core dump will be written. Minidumps are not enabled by default on client versions of Windows
#

---------------  S U M M A R Y ------------

Command Line: -javaagent:D:\Java File\IntelliJ IDEA Community Edition 2020.2.2\lib\idea_rt.jar=54247:D:\Java File\IntelliJ IDEA Community Edition 2020.2.2\bin -Dfile.encoding=UTF-8 Main

Host: AMD Ryzen 7 3750H with Radeon Vega Mobile Gfx  , 8 cores, 14G,  Windows 10 , 64 bit Build 18362 (10.0.18362.959)
Time: Thu Feb 25 19:25:28 2021 SE Asia Standard Time elapsed time: 0.013195 seconds (0d 0h 0m 0s)

---------------  T H R E A D  ---------------

Current thread (0x00000221cc7c4450):  JavaThread "Unknown thread" [_thread_in_vm, id=1752, stack(0x0000004f8db00000,0x0000004f8dc00000)]

Stack: [0x0000004f8db00000,0x0000004f8dc00000]
Native frames: (J=compiled Java code, j=interpreted, Vv=VM code, C=native code)
V  [jvm.dll+0x629eaa]
V  [jvm.dll+0x780379]
V  [jvm.dll+0x781ad3]
V  [jvm.dll+0x782133]
V  [jvm.dll+0x2159d5]
V  [jvm.dll+0x627299]
V  [jvm.dll+0x61bdd5]
V  [jvm.dll+0x2cf96d]
V  [jvm.dll+0x2cf7d2]
V  [jvm.dll+0x2d57ac]
V  [jvm.dll+0x32523a]
V  [jvm.dll+0x324904]
V  [jvm.dll+0x2a68ea]
V  [jvm.dll+0x2a7a88]
V  [jvm.dll+0x75d0f1]
V  [jvm.dll+0x333af4]
V  [jvm.dll+0x73d816]
V  [jvm.dll+0x3b68e7]
V  [jvm.dll+0x3b8371]
C  [jli.dll+0x52fb]
C  [ucrtbase.dll+0x20e82]
C  [KERNEL32.DLL+0x17bd4]
C  [ntdll.dll+0x6ce51]


---------------  P R O C E S S  ---------------

Threads class SMR info:
_java_thread_list=0x00007ffaa57b2fa0, length=0, elements={
}

Java Threads: ( => current thread )

Other Threads:
  0x00000221cc8127b0 GCTaskThread "GC Thread#0" [stack: 0x0000004f8dc00000,0x0000004f8dd00000] [id=20704]
  0x00000221cc822980 ConcurrentGCThread "G1 Main Marker" [stack: 0x0000004f8dd00000,0x0000004f8de00000] [id=5048]
  0x00000221cc823d90 ConcurrentGCThread "G1 Conc#0" [stack: 0x0000004f8de00000,0x0000004f8df00000] [id=15580]

[error occurred during error reporting (printing all threads), id 0xc0000005, EXCEPTION_ACCESS_VIOLATION (0xc0000005) at pc=0x00007ffaa4fa77b7]

VM state: not at safepoint (not fully initialized)

VM Mutex/Monitor currently owned by a thread:  ([mutex/lock_event])
[0x00000221cc7c0390] Heap_lock - owner thread: 0x00000221cc7c4450

Heap address: 0x0000000711000000, size: 3824 MB, Compressed Oops mode: Zero based, Oop shift amount: 3
CDS archive(s) mapped at: [0x0000000000000000-0x0000000000000000-0x0000000000000000), size 0, SharedBaseAddress: 0x0000000800000000, ArchiveRelocationMode: 0.
Narrow klass base: 0x0000000000000000, Narrow klass shift: 0, Narrow klass range: 0x0

Heap:
 garbage-first heap   total 245760K, used 0K [0x0000000711000000, 0x0000000800000000)
  region size 2048K, 0 young (0K), 0 survivors (0K)
 Metaspace       used 0K, capacity 0K, committed 0K, reserved 0K
  class space    used 0K, capacity 0K, committed 0K, reserved 0K

Heap Regions: E=young(eden), S=young(survivor), O=old, HS=humongous(starts), HC=humongous(continues), CS=collection set, F=free, OA=open archive, CA=closed archive, TAMS=top-at-mark-start (previous, next)

Card table byte_map: [0x00000221e44a0000,0x00000221e4c20000] _byte_map_base: 0x00000221e0c18000

Marking Bits (Prev, Next): (CMBitMap*) 0x00000221cc813020, (CMBitMap*) 0x00000221cc813060
 Prev Bits: [0x00000221e53a0000, 0x00000221e8f60000)
 Next Bits: [0x00000221e8f60000, 0x00000221ecb20000)

GC Heap History (0 events):
No events

Deoptimization events (0 events):
No events

Classes unloaded (0 events):
No events

Classes redefined (0 events):
No events

Internal exceptions (0 events):
No events

Events (1 events):
Event: 0.007 Loaded shared library D:\Java File\bin\java.dll


Dynamic libraries:
0x00007ff718420000 - 0x00007ff71842f000 	D:\Java File\bin\java.exe
0x00007ffaec360000 - 0x00007ffaec550000 	C:\WINDOWS\SYSTEM32\ntdll.dll
0x00007ffaebb10000 - 0x00007ffaebbc2000 	C:\WINDOWS\System32\KERNEL32.DLL
0x00007ffaea100000 - 0x00007ffaea3a4000 	C:\WINDOWS\System32\KERNELBASE.dll
0x00007ffae9870000 - 0x00007ffae996a000 	C:\WINDOWS\System32\ucrtbase.dll
0x00007ffadb9b0000 - 0x00007ffadb9c8000 	D:\Java File\bin\jli.dll
0x00007ffadaf90000 - 0x00007ffadafa9000 	D:\Java File\bin\VCRUNTIME140.dll
0x00007ffaea410000 - 0x00007ffaea4b3000 	C:\WINDOWS\System32\ADVAPI32.dll
0x00007ffaeb340000 - 0x00007ffaeb3de000 	C:\WINDOWS\System32\msvcrt.dll
0x00007ffaea670000 - 0x00007ffaea707000 	C:\WINDOWS\System32\sechost.dll
0x00007ffaea520000 - 0x00007ffaea640000 	C:\WINDOWS\System32\RPCRT4.dll
0x00007ffaec0c0000 - 0x00007ffaec254000 	C:\WINDOWS\System32\USER32.dll
0x00007ffae9760000 - 0x00007ffae9781000 	C:\WINDOWS\System32\win32u.dll
0x00007ffad3b80000 - 0x00007ffad3e04000 	C:\WINDOWS\WinSxS\amd64_microsoft.windows.common-controls_6595b64144ccf1df_6.0.18362.959_none_e6c7bbbf130c62bb\COMCTL32.dll
0x00007ffaeb8a0000 - 0x00007ffaeb8c6000 	C:\WINDOWS\System32\GDI32.dll
0x00007ffaeb560000 - 0x00007ffaeb895000 	C:\WINDOWS\System32\combase.dll
0x00007ffae92e0000 - 0x00007ffae9476000 	C:\WINDOWS\System32\gdi32full.dll
0x00007ffae9480000 - 0x00007ffae951e000 	C:\WINDOWS\System32\msvcp_win.dll
0x00007ffae9570000 - 0x00007ffae95f0000 	C:\WINDOWS\System32\bcryptPrimitives.dll
0x00007ffae2b70000 - 0x00007ffae2b7a000 	C:\WINDOWS\SYSTEM32\VERSION.dll
0x00007ffaea640000 - 0x00007ffaea66e000 	C:\WINDOWS\System32\IMM32.DLL
0x00007ffae27a0000 - 0x00007ffae27ac000 	D:\Java File\bin\vcruntime140_1.dll
0x00007ffaccb70000 - 0x00007ffaccc01000 	D:\Java File\bin\msvcp140.dll
0x00007ffaa4cf0000 - 0x00007ffaa584c000 	D:\Java File\bin\server\jvm.dll
0x00007ffaea790000 - 0x00007ffaea798000 	C:\WINDOWS\System32\PSAPI.DLL
0x00007ffad5470000 - 0x00007ffad5479000 	C:\WINDOWS\SYSTEM32\WSOCK32.dll
0x00007ffae7380000 - 0x00007ffae73a4000 	C:\WINDOWS\SYSTEM32\WINMM.dll
0x00007ffaeb2d0000 - 0x00007ffaeb33f000 	C:\WINDOWS\System32\WS2_32.dll
0x00007ffae7300000 - 0x00007ffae732d000 	C:\WINDOWS\SYSTEM32\WINMMBASE.dll
0x00007ffae9520000 - 0x00007ffae956a000 	C:\WINDOWS\System32\cfgmgr32.dll
0x00007ffae9220000 - 0x00007ffae9231000 	C:\WINDOWS\System32\kernel.appcore.dll
0x00007ffae2330000 - 0x00007ffae233a000 	D:\Java File\bin\jimage.dll
0x00007ffade310000 - 0x00007ffade504000 	C:\WINDOWS\SYSTEM32\DBGHELP.DLL
0x00007ffac5ae0000 - 0x00007ffac5b0a000 	C:\WINDOWS\SYSTEM32\dbgcore.DLL
0x00007ffae3d70000 - 0x00007ffae3d7e000 	D:\Java File\bin\instrument.dll
0x00007ffaccb40000 - 0x00007ffaccb65000 	D:\Java File\bin\java.dll

dbghelp: loaded successfully - version: 4.0.5 - missing functions: none
symbol engine: initialized successfully - sym options: 0x614 - pdb path: .;D:\Java File\bin;C:\WINDOWS\SYSTEM32;C:\WINDOWS\WinSxS\amd64_microsoft.windows.common-controls_6595b64144ccf1df_6.0.18362.959_none_e6c7bbbf130c62bb;D:\Java File\bin\server

VM Arguments:
jvm_args: -javaagent:D:\Java File\IntelliJ IDEA Community Edition 2020.2.2\lib\idea_rt.jar=54247:D:\Java File\IntelliJ IDEA Community Edition 2020.2.2\bin -Dfile.encoding=UTF-8 
java_command: Main
java_class_path (initial): D:\Java File\Java Project\bubble sort\out\production\bubble sort
Launcher Type: SUN_STANDARD

[Global flags]
     intx CICompilerCount                          = 4                                         {product} {ergonomic}
     uint ConcGCThreads                            = 2                                         {product} {ergonomic}
     uint G1ConcRefinementThreads                  = 8                                         {product} {ergonomic}
   size_t G1HeapRegionSize                         = 2097152                                   {product} {ergonomic}
    uintx GCDrainStackTargetSize                   = 64                                        {product} {ergonomic}
   size_t InitialHeapSize                          = 251658240                                 {product} {ergonomic}
   size_t MarkStackSize                            = 4194304                                   {product} {ergonomic}
   size_t MaxHeapSize                              = 4009754624                                {product} {ergonomic}
   size_t MinHeapDeltaBytes                        = 2097152                                   {product} {ergonomic}
   size_t MinHeapSize                              = 8388608                                   {product} {ergonomic}
    uintx NonNMethodCodeHeapSize                   = 5839372                                {pd product} {ergonomic}
    uintx NonProfiledCodeHeapSize                  = 122909434                              {pd product} {ergonomic}
    uintx ProfiledCodeHeapSize                     = 122909434                              {pd product} {ergonomic}
    uintx ReservedCodeCacheSize                    = 251658240                              {pd product} {ergonomic}
     bool SegmentedCodeCache                       = true                                      {product} {ergonomic}
   size_t SoftMaxHeapSize                          = 4009754624                             {manageable} {ergonomic}
     bool UseCompressedClassPointers               = true                                 {lp64_product} {ergonomic}
     bool UseCompressedOops                        = true                                 {lp64_product} {ergonomic}
     bool UseG1GC                                  = true                                      {product} {ergonomic}
     bool UseLargePagesIndividualAllocation        = false                                  {pd product} {ergonomic}

Logging:
Log output configuration:
 #0: stdout all=warning uptime,level,tags
 #1: stderr all=off uptime,level,tags

Environment Variables:
PATH=C:\Program Files\Common Files\Oracle\Java\javapath;c:\windows\system32;c:\windows;c:\windows\system32\wbem;c:\windows\system32\windowspowershell\v1.0\;c:\windows\system32\openssh\;c:\windows\system32;c:\windows;c:\windows\system32\wbem;c:\windows\system32\windowspowershell\v1.0\;c:\windows\system32\openssh\;C:\Program Files (x86)\NVIDIA Corporation\PhysX\Common;C:\Program Files\NVIDIA Corporation\NVIDIA NvDLISR;C:\Program Files\Process Lasso\;C:\Program Files\MySQL\MySQL Shell 8.0\bin\;C:\Users\Kuro Kami\AppData\Local\Programs\Python\Python38\Scripts\;C:\Users\Kuro Kami\AppData\Local\Programs\Python\Python38\;C:\Users\Kuro Kami\AppData\Local\Microsoft\WindowsApps;D:\Java File\IntelliJ IDEA Community Edition 2020.2.2\bin;D:\JetBrains\PyCharm Community Edition 2020.2.2\bin
USERNAME=Kuro Kami
OS=Windows_NT
PROCESSOR_IDENTIFIER=AMD64 Family 23 Model 24 Stepping 1, AuthenticAMD



---------------  S Y S T E M  ---------------

OS:
 Windows 10 , 64 bit Build 18362 (10.0.18362.959)
OS uptime: 0 days 7:45 hours

CPU: total 8 (initial active 8) (8 cores per cpu, 2 threads per core) family 23 model 24 stepping 1, cmov, cx8, fxsr, mmx, sse, sse2, sse3, ssse3, sse4.1, sse4.2, popcnt, vzeroupper, avx, avx2, aes, clmul, 3dnowpref, lzcnt, sse4a, ht, tsc, tscinvbit, tscinv, bmi1, bmi2, adx, sha, fma, clflush, clflushopt

Memory: 4k page, system-wide physical 15295M (5749M free)
TotalPageFile size 19391M (AvailPageFile size 181M)
current process WorkingSet (physical memory assigned to process): 10M, peak: 10M
current process commit charge ("private bytes"): 60M, peak: 300M

vm_info: Java HotSpot(TM) 64-Bit Server VM (15+36-1562) for windows-amd64 JRE (15+36-1562), built on Aug 11 2020 22:38:02 by "mach5one" with unknown MS VC++:1925

END.
